0 info it worked if it ends with ok
1 verbose cli [ '/usr/bin/nodejs', '/usr/bin/npm', 'publish', '--force' ]
2 info using npm@1.2.18
3 info using node@v0.10.15
4 warn using --force I sure hope you know what you are doing.
5 verbose publish [ '.' ]
6 verbose read json /home/xpostman/projects/code/helios-kernel/webpage/git/helios-kernel/package.json
7 verbose cache add [ '.', null ]
8 verbose cache add name=undefined spec="." args=[".",null]
9 verbose parsed url { protocol: null,
9 verbose parsed url   slashes: null,
9 verbose parsed url   auth: null,
9 verbose parsed url   host: null,
9 verbose parsed url   port: null,
9 verbose parsed url   hostname: null,
9 verbose parsed url   hash: null,
9 verbose parsed url   search: null,
9 verbose parsed url   query: null,
9 verbose parsed url   pathname: '.',
9 verbose parsed url   path: '.',
9 verbose parsed url   href: '.' }
10 silly lockFile 3a52ce78- .
11 verbose lock . /home/xpostman/.npm/3a52ce78-.lock
12 verbose read json package.json
13 silly lockFile 3a52ce78- .
14 silly lockFile 3a52ce78- .
15 error addLocal Could not install .
16 error Error: ENOENT, open 'package.json'
17 error If you need help, you may report this log at:
17 error     <http://bugs.debian.org/npm>
17 error or use
17 error     reportbug --attach /home/xpostman/projects/code/helios-kernel/webpage/git/helios-kernel/npm-debug.log npm
18 error System Linux 3.11.0-13-generic
19 error command "/usr/bin/nodejs" "/usr/bin/npm" "publish" "--force"
20 error cwd /home/xpostman/projects/code/helios-kernel/webpage/git/helios-kernel
21 error node -v v0.10.15
22 error npm -v 1.2.18
23 error path package.json
24 error code ENOENT
25 error errno 34
26 verbose exit [ 34, true ]
